# JRE version: OpenJDK Runtime Environment Corretto-17.0.7.7.1 (17.0.7+7) (build 17.0.7+7-LTS)
# Java VM: OpenJDK 64-Bit Server VM Corretto-17.0.7.7.1 (17.0.7+7-LTS, mixed mode, emulated-client, sharing, tiered, compressed oops, compressed class ptrs, g1 gc, windows-amd64)
GC Precious Log:
 CPUs: 12 total, 12 available
 Memory: 32681M
 Large Page Support: Disabled
 NUMA Support: Disabled
 Compressed Oops: Enabled (Zero based)
 Heap Region Size: 4M
 Heap Min Capacity: 8M
 Heap Initial Capacity: 512M
 Heap Max Capacity: 8172M
 Pre-touch: Disabled
 Parallel Workers: 10
 Concurrent Workers: 3
 Concurrent Refinement Workers: 10
 Periodic GC: Disabled
Heap:
 garbage-first heap   total 98304K, used 59968K [0x0000000601400000, 0x0000000800000000)
  region size 4096K, 11 young (45056K), 1 survivors (4096K)
 Metaspace       used 34015K, committed 34496K, reserved 1114112K
  class space    used 4746K, committed 4992K, reserved 1048576K
GC Heap History (13 events):
Event: 0.424 GC heap before
{Heap before GC invocations=0 (full 0):
 garbage-first heap   total 524288K, used 20480K [0x0000000601400000, 0x0000000800000000)
  region size 4096K, 6 young (24576K), 0 survivors (0K)
 Metaspace       used 6996K, committed 7232K, reserved 1114112K
  class space    used 886K, committed 1024K, reserved 1048576K
}
Event: 0.428 GC heap after
{Heap after GC invocations=1 (full 0):
 garbage-first heap   total 524288K, used 8554K [0x0000000601400000, 0x0000000800000000)
  region size 4096K, 1 young (4096K), 1 survivors (4096K)
 Metaspace       used 6996K, committed 7232K, reserved 1114112K
  class space    used 886K, committed 1024K, reserved 1048576K
}
Event: 0.691 GC heap before
{Heap before GC invocations=1 (full 0):
 garbage-first heap   total 524288K, used 29034K [0x0000000601400000, 0x0000000800000000)
  region size 4096K, 6 young (24576K), 1 survivors (4096K)
 Metaspace       used 10236K, committed 10496K, reserved 1114112K
  class space    used 1389K, committed 1536K, reserved 1048576K
}
Event: 0.693 GC heap after
{Heap after GC invocations=2 (full 0):
 garbage-first heap   total 524288K, used 10006K [0x0000000601400000, 0x0000000800000000)
  region size 4096K, 1 young (4096K), 1 survivors (4096K)
 Metaspace       used 10236K, committed 10496K, reserved 1114112K
  class space    used 1389K, committed 1536K, reserved 1048576K
}
Event: 1.008 GC heap before
{Heap before GC invocations=2 (full 0):
 garbage-first heap   total 524288K, used 63254K [0x0000000601400000, 0x0000000800000000)
  region size 4096K, 15 young (61440K), 1 survivors (4096K)
 Metaspace       used 20538K, committed 20736K, reserved 1114112K
  class space    used 2807K, committed 2880K, reserved 1048576K
}
Event: 1.011 GC heap after
{Heap after GC invocations=3 (full 0):
 garbage-first heap   total 524288K, used 13869K [0x0000000601400000, 0x0000000800000000)
  region size 4096K, 2 young (8192K), 2 survivors (8192K)
 Metaspace       used 20538K, committed 20736K, reserved 1114112K
  class space    used 2807K, committed 2880K, reserved 1048576K
}
Event: 1.034 GC heap before
{Heap before GC invocations=3 (full 0):
 garbage-first heap   total 524288K, used 17965K [0x0000000601400000, 0x0000000800000000)
  region size 4096K, 4 young (16384K), 2 survivors (8192K)
 Metaspace       used 21188K, committed 21504K, reserved 1114112K
  class space    used 2901K, committed 3072K, reserved 1048576K
}
Event: 1.037 GC heap after
{Heap after GC invocations=4 (full 0):
 garbage-first heap   total 524288K, used 14574K [0x0000000601400000, 0x0000000800000000)
  region size 4096K, 2 young (8192K), 2 survivors (8192K)
 Metaspace       used 21188K, committed 21504K, reserved 1114112K
  class space    used 2901K, committed 3072K, reserved 1048576K
}
Event: 1.467 GC heap before
{Heap before GC invocations=5 (full 0):
 garbage-first heap   total 98304K, used 67822K [0x0000000601400000, 0x0000000800000000)
  region size 4096K, 16 young (65536K), 2 survivors (8192K)
 Metaspace       used 27094K, committed 27520K, reserved 1114112K
  class space    used 3814K, committed 4032K, reserved 1048576K
}
Event: 1.471 GC heap after
{Heap after GC invocations=6 (full 0):
 garbage-first heap   total 98304K, used 17893K [0x0000000601400000, 0x0000000800000000)
  region size 4096K, 3 young (12288K), 3 survivors (12288K)
 Metaspace       used 27094K, committed 27520K, reserved 1114112K
  class space    used 3814K, committed 4032K, reserved 1048576K
}
Event: 1.517 GC heap before
{Heap before GC invocations=6 (full 0):
 garbage-first heap   total 98304K, used 21989K [0x0000000601400000, 0x0000000800000000)
  region size 4096K, 4 young (16384K), 3 survivors (12288K)
 Metaspace       used 27734K, committed 28160K, reserved 1114112K
  class space    used 3927K, committed 4160K, reserved 1048576K
}
Event: 1.522 GC heap after
{Heap after GC invocations=7 (full 0):
 garbage-first heap   total 98304K, used 19008K [0x0000000601400000, 0x0000000800000000)
  region size 4096K, 1 young (4096K), 1 survivors (4096K)
 Metaspace       used 27734K, committed 28160K, reserved 1114112K
  class space    used 3927K, committed 4160K, reserved 1048576K
}
Event: 1.919 GC heap before
{Heap before GC invocations=7 (full 0):
 garbage-first heap   total 98304K, used 59968K [0x0000000601400000, 0x0000000800000000)
  region size 4096K, 11 young (45056K), 1 survivors (4096K)
 Metaspace       used 34015K, committed 34496K, reserved 1114112K
  class space    used 4746K, committed 4992K, reserved 1048576K
}

